2022-03-06 21:02:33 INFO  GetWebElement:20 - Start
2022-03-06 21:03:02 INFO  GetWebElement:20 - Start
2022-03-06 21:03:08 INFO  GetWebElement:40 - html
2022-03-06 21:03:08 INFO  GetWebElement:40 - head
2022-03-06 21:03:08 INFO  GetWebElement:40 - meta
2022-03-06 21:03:08 INFO  GetWebElement:40 - meta
2022-03-06 21:03:08 INFO  GetWebElement:40 - link
2022-03-06 21:03:08 INFO  GetWebElement:40 - link
2022-03-06 21:03:08 INFO  GetWebElement:40 - title
2022-03-06 21:03:08 INFO  GetWebElement:40 - style
2022-03-06 21:03:08 INFO  GetWebElement:40 - body
2022-03-06 21:03:08 INFO  GetWebElement:40 - div
2022-03-06 21:03:08 INFO  GetWebElement:40 - div
2022-03-06 21:03:08 INFO  GetWebElement:40 - div
2022-03-06 21:03:08 INFO  GetWebElement:40 - div
2022-03-06 21:03:08 INFO  GetWebElement:40 - div
2022-03-06 21:03:08 INFO  GetWebElement:40 - div
2022-03-06 21:03:08 INFO  GetWebElement:40 - div
2022-03-06 21:03:08 INFO  GetWebElement:40 - div
2022-03-06 21:03:08 INFO  GetWebElement:40 - div
2022-03-06 21:03:08 INFO  GetWebElement:40 - div
2022-03-06 21:03:08 INFO  GetWebElement:40 - h1
2022-03-06 21:03:08 INFO  GetWebElement:40 - span
2022-03-06 21:03:08 INFO  GetWebElement:40 - footer
2022-03-06 21:03:08 INFO  GetWebElement:40 - p
2022-03-06 21:03:08 INFO  GetWebElement:40 - span
2022-03-06 21:03:08 INFO  GetWebElement:40 - script
2022-03-06 21:31:13 INFO  GetWebElement:20 - Start
2022-03-06 21:31:20 INFO  GetWebElement:41 - html
2022-03-06 21:31:20 INFO  GetWebElement:41 - head
2022-03-06 21:31:20 INFO  GetWebElement:41 - meta
2022-03-06 21:31:20 INFO  GetWebElement:41 - meta
2022-03-06 21:31:20 INFO  GetWebElement:41 - link
2022-03-06 21:31:20 INFO  GetWebElement:41 - link
2022-03-06 21:31:20 INFO  GetWebElement:41 - title
2022-03-06 21:31:20 INFO  GetWebElement:41 - style
2022-03-06 21:31:20 INFO  GetWebElement:41 - body
2022-03-06 21:31:20 INFO  GetWebElement:41 - div
2022-03-06 21:31:20 INFO  GetWebElement:41 - div
2022-03-06 21:31:20 INFO  GetWebElement:41 - div
2022-03-06 21:31:20 INFO  GetWebElement:41 - div
2022-03-06 21:31:20 INFO  GetWebElement:41 - div
2022-03-06 21:31:20 INFO  GetWebElement:41 - div
2022-03-06 21:31:20 INFO  GetWebElement:41 - div
2022-03-06 21:31:20 INFO  GetWebElement:41 - div
2022-03-06 21:31:20 INFO  GetWebElement:41 - div
2022-03-06 21:31:20 INFO  GetWebElement:41 - div
2022-03-06 21:31:20 INFO  GetWebElement:41 - h1
2022-03-06 21:31:20 INFO  GetWebElement:41 - span
2022-03-06 21:31:20 INFO  GetWebElement:41 - footer
2022-03-06 21:31:20 INFO  GetWebElement:41 - p
2022-03-06 21:31:20 INFO  GetWebElement:41 - span
2022-03-06 21:31:20 INFO  GetWebElement:41 - script
2022-03-06 21:32:09 INFO  GetWebElement:20 - Start
2022-03-06 21:32:15 INFO  GetWebElement:42 - html
2022-03-06 21:32:15 INFO  GetWebElement:42 - head
2022-03-06 21:32:15 INFO  GetWebElement:42 - meta
2022-03-06 21:32:15 INFO  GetWebElement:42 - meta
2022-03-06 21:32:15 INFO  GetWebElement:42 - link
2022-03-06 21:32:15 INFO  GetWebElement:42 - link
2022-03-06 21:32:15 INFO  GetWebElement:42 - title
2022-03-06 21:32:15 INFO  GetWebElement:42 - style
2022-03-06 21:32:15 INFO  GetWebElement:42 - body
2022-03-06 21:32:15 INFO  GetWebElement:42 - div
2022-03-06 21:32:15 INFO  GetWebElement:42 - div
2022-03-06 21:32:15 INFO  GetWebElement:42 - div
2022-03-06 21:32:15 INFO  GetWebElement:42 - div
2022-03-06 21:32:15 INFO  GetWebElement:42 - div
2022-03-06 21:32:15 INFO  GetWebElement:42 - div
2022-03-06 21:32:15 INFO  GetWebElement:42 - div
2022-03-06 21:32:15 INFO  GetWebElement:42 - div
2022-03-06 21:32:15 INFO  GetWebElement:42 - div
2022-03-06 21:32:15 INFO  GetWebElement:42 - div
2022-03-06 21:32:15 INFO  GetWebElement:42 - h1
2022-03-06 21:32:15 INFO  GetWebElement:42 - span
2022-03-06 21:32:15 INFO  GetWebElement:42 - footer
2022-03-06 21:32:15 INFO  GetWebElement:42 - p
2022-03-06 21:32:15 INFO  GetWebElement:42 - span
2022-03-06 21:32:15 INFO  GetWebElement:42 - script
2022-03-06 21:32:21 INFO  GetWebElement:38 - end.
2022-03-06 21:34:32 INFO  DateTest:60 - Before formatting: 2022-03-06T21:34:32.687
2022-03-06 21:34:32 INFO  DateTest:60 - After formatting: 06-03-2022 21:34:32
2022-03-06 21:34:32 INFO  DateTest:60 - ----------------------------------
2022-03-06 21:34:32 INFO  DateTest:60 - Basic date format - Sun Mar 06 21:34:32 CET 2022
2022-03-06 21:34:32 INFO  DateTest:60 - ----------------------------------
2022-03-06 21:34:32 INFO  DateTest:60 - dd.MM.yyyy - 06.03.2022
2022-03-06 21:34:32 INFO  DateTest:60 - ----------------------------------
2022-03-06 21:34:32 INFO  DateTest:60 - dd-MM-yyyy - 06-03-2022
2022-03-06 21:34:32 INFO  DateTest:60 - ----------------------------------
2022-03-06 21:34:32 INFO  DateTest:60 - dd/MM/yyyy - 06/03/2022
2022-03-06 21:34:32 INFO  DateTest:60 - Sun Mar 06 00:00:00 CET 2022
2022-03-06 21:34:32 INFO  DateTest:60 - ----------------------------------
